{"contracts/Raffle.sol":{"l":{"61":3,"62":3,"63":3,"64":3,"65":3,"66":3,"67":3,"68":3,"72":5,"73":1,"75":4,"76":1,"78":3,"79":3,"99":1,"100":1,"101":1,"102":1,"103":1,"108":1,"109":1,"110":0,"117":1,"118":1,"125":1,"132":0,"133":0,"134":0,"135":0,"136":0,"137":0,"138":0,"139":0,"140":0,"143":0,"150":7,"154":1,"158":0,"162":1,"167":0,"171":0,"175":0,"179":0,"183":7},"path":"/home/joran_vanwesenbeeck/hardhat-smartcontract-lottery-fcc3/contracts/Raffle.sol","s":{"1":5,"2":4,"3":3,"4":3,"5":1,"6":1,"7":1,"8":1,"9":1,"10":1,"11":1,"12":1,"13":0,"14":0,"15":0,"16":0,"17":0,"18":7,"19":1,"20":0,"21":1,"22":0,"23":0,"24":0,"25":0,"26":7},"b":{"1":[1,4],"2":[1,3],"3":[0,1],"4":[0,0]},"f":{"1":3,"2":5,"3":1,"4":1,"5":0,"6":7,"7":1,"8":0,"9":1,"10":0,"11":0,"12":0,"13":0,"14":7},"fnMap":{"1":{"name":"constructor","line":60,"loc":{"start":{"line":53,"column":4},"end":{"line":69,"column":4}}},"2":{"name":"enterRaffle","line":71,"loc":{"start":{"line":71,"column":4},"end":{"line":80,"column":4}}},"3":{"name":"checkUpkeep","line":91,"loc":{"start":{"line":91,"column":4},"end":{"line":104,"column":4}}},"4":{"name":"performUpkeep","line":106,"loc":{"start":{"line":106,"column":4},"end":{"line":126,"column":4}}},"5":{"name":"fulfillRandomWords","line":128,"loc":{"start":{"line":128,"column":4},"end":{"line":144,"column":4}}},"6":{"name":"getEntranceFee","line":149,"loc":{"start":{"line":149,"column":4},"end":{"line":151,"column":4}}},"7":{"name":"getPlayer","line":153,"loc":{"start":{"line":153,"column":4},"end":{"line":155,"column":4}}},"8":{"name":"getRecentWinner","line":157,"loc":{"start":{"line":157,"column":4},"end":{"line":159,"column":4}}},"9":{"name":"getRaffleState","line":161,"loc":{"start":{"line":161,"column":4},"end":{"line":163,"column":4}}},"10":{"name":"getNumWords","line":165,"loc":{"start":{"line":165,"column":4},"end":{"line":168,"column":4}}},"11":{"name":"getNumberOfPlayers","line":170,"loc":{"start":{"line":170,"column":4},"end":{"line":172,"column":4}}},"12":{"name":"getLatestTimeStamp","line":174,"loc":{"start":{"line":174,"column":4},"end":{"line":176,"column":4}}},"13":{"name":"getRequestConfirmations","line":178,"loc":{"start":{"line":178,"column":4},"end":{"line":180,"column":4}}},"14":{"name":"getInterval","line":182,"loc":{"start":{"line":182,"column":4},"end":{"line":184,"column":4}}}},"statementMap":{"1":{"start":{"line":72,"column":8},"end":{"line":72,"column":2466}},"2":{"start":{"line":75,"column":8},"end":{"line":75,"column":2567}},"3":{"start":{"line":78,"column":8},"end":{"line":78,"column":42}},"4":{"start":{"line":79,"column":8},"end":{"line":79,"column":36}},"5":{"start":{"line":99,"column":8},"end":{"line":99,"column":57}},"6":{"start":{"line":100,"column":8},"end":{"line":100,"column":76}},"7":{"start":{"line":101,"column":8},"end":{"line":101,"column":48}},"8":{"start":{"line":102,"column":8},"end":{"line":102,"column":53}},"9":{"start":{"line":108,"column":8},"end":{"line":108,"column":47}},"10":{"start":{"line":109,"column":8},"end":{"line":109,"column":4035}},"11":{"start":{"line":118,"column":8},"end":{"line":118,"column":4296}},"12":{"start":{"line":125,"column":8},"end":{"line":125,"column":45}},"13":{"start":{"line":132,"column":8},"end":{"line":132,"column":65}},"14":{"start":{"line":133,"column":8},"end":{"line":133,"column":63}},"15":{"start":{"line":138,"column":8},"end":{"line":138,"column":77}},"16":{"start":{"line":139,"column":8},"end":{"line":139,"column":5370}},"17":{"start":{"line":143,"column":8},"end":{"line":143,"column":39}},"18":{"start":{"line":150,"column":8},"end":{"line":150,"column":28}},"19":{"start":{"line":154,"column":8},"end":{"line":154,"column":31}},"20":{"start":{"line":158,"column":8},"end":{"line":158,"column":29}},"21":{"start":{"line":162,"column":8},"end":{"line":162,"column":28}},"22":{"start":{"line":167,"column":8},"end":{"line":167,"column":24}},"23":{"start":{"line":171,"column":8},"end":{"line":171,"column":31}},"24":{"start":{"line":175,"column":8},"end":{"line":175,"column":30}},"25":{"start":{"line":179,"column":8},"end":{"line":179,"column":36}},"26":{"start":{"line":183,"column":8},"end":{"line":183,"column":25}}},"branchMap":{"1":{"line":72,"type":"if","locations":[{"start":{"line":72,"column":8},"end":{"line":72,"column":8}},{"start":{"line":72,"column":8},"end":{"line":72,"column":8}}]},"2":{"line":75,"type":"if","locations":[{"start":{"line":75,"column":8},"end":{"line":75,"column":8}},{"start":{"line":75,"column":8},"end":{"line":75,"column":8}}]},"3":{"line":109,"type":"if","locations":[{"start":{"line":109,"column":8},"end":{"line":109,"column":8}},{"start":{"line":109,"column":8},"end":{"line":109,"column":8}}]},"4":{"line":139,"type":"if","locations":[{"start":{"line":139,"column":8},"end":{"line":139,"column":8}},{"start":{"line":139,"column":8},"end":{"line":139,"column":8}}]}}},"contracts/test/VRFCoordinatroV2Mock.sol":{"l":{},"path":"/home/joran_vanwesenbeeck/hardhat-smartcontract-lottery-fcc3/contracts/test/VRFCoordinatroV2Mock.sol","s":{},"b":{},"f":{},"fnMap":{},"statementMap":{},"branchMap":{}}}